{"/spotify-radio/public/controller/js/view.js": {"path":"/spotify-radio/public/controller/js/view.js","statementMap":{"0":{"start":{"line":3,"column":4},"end":{"line":3,"column":53}},"1":{"start":{"line":4,"column":4},"end":{"line":4,"column":51}},"2":{"start":{"line":7,"column":4},"end":{"line":7,"column":33}},"3":{"start":{"line":11,"column":4},"end":{"line":11,"column":39}},"4":{"start":{"line":12,"column":4},"end":{"line":12,"column":59}},"5":{"start":{"line":16,"column":4},"end":{"line":23,"column":6}},"6":{"start":{"line":18,"column":19},"end":{"line":18,"column":42}},"7":{"start":{"line":19,"column":8},"end":{"line":19,"column":43}},"8":{"start":{"line":21,"column":8},"end":{"line":21,"column":38}},"9":{"start":{"line":27,"column":4},"end":{"line":27,"column":25}},"10":{"start":{"line":31,"column":20},"end":{"line":31,"column":29}},"11":{"start":{"line":32,"column":4},"end":{"line":32,"column":35}}},"fnMap":{"0":{"name":"(anonymous_0)","decl":{"start":{"line":2,"column":2},"end":{"line":2,"column":3}},"loc":{"start":{"line":2,"column":16},"end":{"line":8,"column":3}},"line":2},"1":{"name":"onBtnClick","decl":{"start":{"line":6,"column":19},"end":{"line":6,"column":29}},"loc":{"start":{"line":6,"column":32},"end":{"line":6,"column":34}},"line":6},"2":{"name":"(anonymous_2)","decl":{"start":{"line":10,"column":2},"end":{"line":10,"column":3}},"loc":{"start":{"line":10,"column":11},"end":{"line":13,"column":3}},"line":10},"3":{"name":"(anonymous_3)","decl":{"start":{"line":15,"column":2},"end":{"line":15,"column":3}},"loc":{"start":{"line":15,"column":43},"end":{"line":24,"column":3}},"line":15},"4":{"name":"(anonymous_4)","decl":{"start":{"line":17,"column":6},"end":{"line":17,"column":7}},"loc":{"start":{"line":17,"column":18},"end":{"line":22,"column":7}},"line":17},"5":{"name":"onClickReset","decl":{"start":{"line":20,"column":17},"end":{"line":20,"column":29}},"loc":{"start":{"line":20,"column":32},"end":{"line":20,"column":34}},"line":20},"6":{"name":"(anonymous_6)","decl":{"start":{"line":26,"column":2},"end":{"line":26,"column":3}},"loc":{"start":{"line":26,"column":26},"end":{"line":28,"column":3}},"line":26},"7":{"name":"(anonymous_7)","decl":{"start":{"line":30,"column":2},"end":{"line":30,"column":3}},"loc":{"start":{"line":30,"column":54},"end":{"line":33,"column":3}},"line":30}},"branchMap":{"0":{"loc":{"start":{"line":15,"column":30},"end":{"line":15,"column":41}},"type":"default-arg","locations":[{"start":{"line":15,"column":37},"end":{"line":15,"column":41}}],"line":15},"1":{"loc":{"start":{"line":18,"column":19},"end":{"line":18,"column":42}},"type":"cond-expr","locations":[{"start":{"line":18,"column":26},"end":{"line":18,"column":31}},{"start":{"line":18,"column":34},"end":{"line":18,"column":42}}],"line":18}},"s":{"0":3,"1":3,"2":3,"3":1,"4":1,"5":2,"6":2,"7":2,"8":2,"9":0,"10":0,"11":0},"f":{"0":3,"1":0,"2":1,"3":2,"4":2,"5":2,"6":0,"7":0},"b":{"0":[1],"1":[1,1]},"_coverageSchema":"1a1c01bbd47fc00a2c39e90264f33305004495a9","hash":"558c31fe735c8de387b1b481515da4be577a4507"}
,"/spotify-radio/server/config.js": {"path":"/spotify-radio/server/config.js","statementMap":{"0":{"start":{"line":4,"column":19},"end":{"line":4,"column":58}},"1":{"start":{"line":5,"column":13},"end":{"line":5,"column":36}},"2":{"start":{"line":6,"column":17},"end":{"line":6,"column":36}},"3":{"start":{"line":7,"column":17},"end":{"line":7,"column":40}},"4":{"start":{"line":8,"column":18},"end":{"line":8,"column":38}}},"fnMap":{},"branchMap":{"0":{"loc":{"start":{"line":11,"column":10},"end":{"line":11,"column":34}},"type":"binary-expr","locations":[{"start":{"line":11,"column":10},"end":{"line":11,"column":26}},{"start":{"line":11,"column":30},"end":{"line":11,"column":34}}],"line":11}},"s":{"0":3,"1":3,"2":3,"3":3,"4":3},"f":{},"b":{"0":[3,3]},"_coverageSchema":"1a1c01bbd47fc00a2c39e90264f33305004495a9","hash":"edc23924a39439adaa15d2730a38e15572dfaf86"}
,"/spotify-radio/server/util.js": {"path":"/spotify-radio/server/util.js","statementMap":{"0":{"start":{"line":3,"column":12},"end":{"line":11,"column":2}},"1":{"start":{"line":13,"column":22},"end":{"line":13,"column":25}}},"fnMap":{},"branchMap":{},"s":{"0":3,"1":3},"f":{},"b":{},"_coverageSchema":"1a1c01bbd47fc00a2c39e90264f33305004495a9","hash":"8046f063b8b4a8f1672901a70cfb329eeaacd776"}
,"/spotify-radio/server/controller/index.js": {"path":"/spotify-radio/server/controller/index.js","statementMap":{"0":{"start":{"line":6,"column":8},"end":{"line":6,"column":37}},"1":{"start":{"line":10,"column":8},"end":{"line":10,"column":52}},"2":{"start":{"line":14,"column":8},"end":{"line":14,"column":52}},"3":{"start":{"line":15,"column":23},"end":{"line":17,"column":9}},"4":{"start":{"line":18,"column":20},"end":{"line":18,"column":41}},"5":{"start":{"line":20,"column":8},"end":{"line":23,"column":9}},"6":{"start":{"line":21,"column":12},"end":{"line":21,"column":43}},"7":{"start":{"line":22,"column":12},"end":{"line":22,"column":26}},"8":{"start":{"line":24,"column":8},"end":{"line":27,"column":9}},"9":{"start":{"line":25,"column":12},"end":{"line":25,"column":42}},"10":{"start":{"line":26,"column":12},"end":{"line":26,"column":26}},"11":{"start":{"line":32,"column":37},"end":{"line":32,"column":70}},"12":{"start":{"line":34,"column":24},"end":{"line":37,"column":9}},"13":{"start":{"line":35,"column":12},"end":{"line":35,"column":55}},"14":{"start":{"line":36,"column":12},"end":{"line":36,"column":48}},"15":{"start":{"line":39,"column":8},"end":{"line":42,"column":10}}},"fnMap":{"0":{"name":"(anonymous_0)","decl":{"start":{"line":5,"column":4},"end":{"line":5,"column":5}},"loc":{"start":{"line":5,"column":18},"end":{"line":7,"column":5}},"line":5},"1":{"name":"(anonymous_1)","decl":{"start":{"line":9,"column":4},"end":{"line":9,"column":5}},"loc":{"start":{"line":9,"column":34},"end":{"line":11,"column":5}},"line":9},"2":{"name":"(anonymous_2)","decl":{"start":{"line":13,"column":4},"end":{"line":13,"column":5}},"loc":{"start":{"line":13,"column":37},"end":{"line":29,"column":5}},"line":13},"3":{"name":"(anonymous_3)","decl":{"start":{"line":31,"column":4},"end":{"line":31,"column":5}},"loc":{"start":{"line":31,"column":25},"end":{"line":43,"column":5}},"line":31},"4":{"name":"(anonymous_4)","decl":{"start":{"line":34,"column":24},"end":{"line":34,"column":25}},"loc":{"start":{"line":34,"column":30},"end":{"line":37,"column":9}},"line":34}},"branchMap":{"0":{"loc":{"start":{"line":20,"column":8},"end":{"line":23,"column":9}},"type":"if","locations":[{"start":{"line":20,"column":8},"end":{"line":23,"column":9}},{"start":{},"end":{}}],"line":20},"1":{"loc":{"start":{"line":24,"column":8},"end":{"line":27,"column":9}},"type":"if","locations":[{"start":{"line":24,"column":8},"end":{"line":27,"column":9}},{"start":{},"end":{}}],"line":24}},"s":{"0":2,"1":1,"2":0,"3":0,"4":0,"5":0,"6":0,"7":0,"8":0,"9":0,"10":0,"11":0,"12":0,"13":0,"14":0,"15":0},"f":{"0":2,"1":1,"2":0,"3":0,"4":0},"b":{"0":[0,0],"1":[0,0]},"_coverageSchema":"1a1c01bbd47fc00a2c39e90264f33305004495a9","hash":"f1deb12da7bb79a7a7af68cd6f1a6282d217f630"}
,"/spotify-radio/server/routes/index.js": {"path":"/spotify-radio/server/routes/index.js","statementMap":{"0":{"start":{"line":15,"column":4},"end":{"line":15,"column":10}},"1":{"start":{"line":17,"column":19},"end":{"line":17,"column":35}},"2":{"start":{"line":20,"column":28},"end":{"line":20,"column":35}},"3":{"start":{"line":22,"column":4},"end":{"line":27,"column":5}},"4":{"start":{"line":23,"column":8},"end":{"line":25,"column":11}},"5":{"start":{"line":26,"column":8},"end":{"line":26,"column":30}},"6":{"start":{"line":28,"column":4},"end":{"line":34,"column":5}},"7":{"start":{"line":31,"column":12},"end":{"line":31,"column":52}},"8":{"start":{"line":33,"column":8},"end":{"line":33,"column":37}},"9":{"start":{"line":35,"column":4},"end":{"line":41,"column":5}},"10":{"start":{"line":38,"column":12},"end":{"line":38,"column":58}},"11":{"start":{"line":40,"column":8},"end":{"line":40,"column":37}},"12":{"start":{"line":42,"column":4},"end":{"line":52,"column":5}},"13":{"start":{"line":43,"column":36},"end":{"line":43,"column":67}},"14":{"start":{"line":44,"column":8},"end":{"line":44,"column":39}},"15":{"start":{"line":46,"column":8},"end":{"line":49,"column":11}},"16":{"start":{"line":51,"column":8},"end":{"line":51,"column":37}},"17":{"start":{"line":53,"column":4},"end":{"line":58,"column":5}},"18":{"start":{"line":54,"column":21},"end":{"line":54,"column":48}},"19":{"start":{"line":55,"column":21},"end":{"line":55,"column":37}},"20":{"start":{"line":56,"column":23},"end":{"line":56,"column":59}},"21":{"start":{"line":57,"column":8},"end":{"line":57,"column":52}},"22":{"start":{"line":61,"column":4},"end":{"line":76,"column":5}},"23":{"start":{"line":65,"column":12},"end":{"line":65,"column":47}},"24":{"start":{"line":67,"column":28},"end":{"line":67,"column":46}},"25":{"start":{"line":69,"column":8},"end":{"line":73,"column":9}},"26":{"start":{"line":70,"column":12},"end":{"line":72,"column":15}},"27":{"start":{"line":75,"column":8},"end":{"line":75,"column":37}},"28":{"start":{"line":78,"column":4},"end":{"line":78,"column":28}},"29":{"start":{"line":79,"column":4},"end":{"line":79,"column":19}},"30":{"start":{"line":83,"column":4},"end":{"line":87,"column":5}},"31":{"start":{"line":84,"column":8},"end":{"line":84,"column":55}},"32":{"start":{"line":85,"column":8},"end":{"line":85,"column":32}},"33":{"start":{"line":86,"column":8},"end":{"line":86,"column":30}},"34":{"start":{"line":89,"column":4},"end":{"line":89,"column":56}},"35":{"start":{"line":90,"column":4},"end":{"line":90,"column":28}},"36":{"start":{"line":91,"column":4},"end":{"line":91,"column":26}},"37":{"start":{"line":95,"column":4},"end":{"line":95,"column":82}},"38":{"start":{"line":95,"column":52},"end":{"line":95,"column":80}}},"fnMap":{"0":{"name":"routes","decl":{"start":{"line":19,"column":15},"end":{"line":19,"column":21}},"loc":{"start":{"line":19,"column":41},"end":{"line":80,"column":1}},"line":19},"1":{"name":"handleError","decl":{"start":{"line":82,"column":9},"end":{"line":82,"column":20}},"loc":{"start":{"line":82,"column":38},"end":{"line":92,"column":1}},"line":82},"2":{"name":"handler","decl":{"start":{"line":94,"column":16},"end":{"line":94,"column":23}},"loc":{"start":{"line":94,"column":43},"end":{"line":96,"column":1}},"line":94},"3":{"name":"(anonymous_3)","decl":{"start":{"line":95,"column":43},"end":{"line":95,"column":44}},"loc":{"start":{"line":95,"column":52},"end":{"line":95,"column":80}},"line":95}},"branchMap":{"0":{"loc":{"start":{"line":22,"column":4},"end":{"line":27,"column":5}},"type":"if","locations":[{"start":{"line":22,"column":4},"end":{"line":27,"column":5}},{"start":{},"end":{}}],"line":22},"1":{"loc":{"start":{"line":22,"column":7},"end":{"line":22,"column":38}},"type":"binary-expr","locations":[{"start":{"line":22,"column":7},"end":{"line":22,"column":23}},{"start":{"line":22,"column":27},"end":{"line":22,"column":38}}],"line":22},"2":{"loc":{"start":{"line":28,"column":4},"end":{"line":34,"column":5}},"type":"if","locations":[{"start":{"line":28,"column":4},"end":{"line":34,"column":5}},{"start":{},"end":{}}],"line":28},"3":{"loc":{"start":{"line":28,"column":7},"end":{"line":28,"column":42}},"type":"binary-expr","locations":[{"start":{"line":28,"column":7},"end":{"line":28,"column":23}},{"start":{"line":28,"column":27},"end":{"line":28,"column":42}}],"line":28},"4":{"loc":{"start":{"line":35,"column":4},"end":{"line":41,"column":5}},"type":"if","locations":[{"start":{"line":35,"column":4},"end":{"line":41,"column":5}},{"start":{},"end":{}}],"line":35},"5":{"loc":{"start":{"line":35,"column":7},"end":{"line":35,"column":48}},"type":"binary-expr","locations":[{"start":{"line":35,"column":7},"end":{"line":35,"column":23}},{"start":{"line":35,"column":27},"end":{"line":35,"column":48}}],"line":35},"6":{"loc":{"start":{"line":42,"column":4},"end":{"line":52,"column":5}},"type":"if","locations":[{"start":{"line":42,"column":4},"end":{"line":52,"column":5}},{"start":{},"end":{}}],"line":42},"7":{"loc":{"start":{"line":42,"column":7},"end":{"line":42,"column":50}},"type":"binary-expr","locations":[{"start":{"line":42,"column":7},"end":{"line":42,"column":23}},{"start":{"line":42,"column":27},"end":{"line":42,"column":50}}],"line":42},"8":{"loc":{"start":{"line":53,"column":4},"end":{"line":58,"column":5}},"type":"if","locations":[{"start":{"line":53,"column":4},"end":{"line":58,"column":5}},{"start":{},"end":{}}],"line":53},"9":{"loc":{"start":{"line":53,"column":7},"end":{"line":53,"column":49}},"type":"binary-expr","locations":[{"start":{"line":53,"column":7},"end":{"line":53,"column":24}},{"start":{"line":53,"column":28},"end":{"line":53,"column":49}}],"line":53},"10":{"loc":{"start":{"line":61,"column":4},"end":{"line":76,"column":5}},"type":"if","locations":[{"start":{"line":61,"column":4},"end":{"line":76,"column":5}},{"start":{},"end":{}}],"line":61},"11":{"loc":{"start":{"line":69,"column":8},"end":{"line":73,"column":9}},"type":"if","locations":[{"start":{"line":69,"column":8},"end":{"line":73,"column":9}},{"start":{},"end":{}}],"line":69},"12":{"loc":{"start":{"line":83,"column":4},"end":{"line":87,"column":5}},"type":"if","locations":[{"start":{"line":83,"column":4},"end":{"line":87,"column":5}},{"start":{},"end":{}}],"line":83}},"s":{"0":1,"1":1,"2":8,"3":8,"4":1,"5":1,"6":7,"7":1,"8":1,"9":6,"10":1,"11":1,"12":5,"13":0,"14":0,"15":0,"16":0,"17":5,"18":0,"19":0,"20":0,"21":0,"22":5,"23":4,"24":2,"25":2,"26":1,"27":2,"28":1,"29":1,"30":2,"31":1,"32":1,"33":1,"34":1,"35":1,"36":1,"37":8,"38":2},"f":{"0":8,"1":2,"2":8,"3":2},"b":{"0":[1,7],"1":[8,7],"2":[1,6],"3":[7,6],"4":[1,5],"5":[6,5],"6":[0,5],"7":[5,4],"8":[0,5],"9":[5,1],"10":[4,1],"11":[1,1],"12":[1,1]},"_coverageSchema":"1a1c01bbd47fc00a2c39e90264f33305004495a9","hash":"99e5493d3b27fed75dbe507fb33de9f53f2ddcb9"}
,"/spotify-radio/server/service/index.js": {"path":"/spotify-radio/server/service/index.js","statementMap":{"0":{"start":{"line":22,"column":4},"end":{"line":22,"column":10}},"1":{"start":{"line":26,"column":8},"end":{"line":26,"column":39}},"2":{"start":{"line":27,"column":8},"end":{"line":27,"column":47}},"3":{"start":{"line":28,"column":8},"end":{"line":28,"column":32}},"4":{"start":{"line":29,"column":8},"end":{"line":29,"column":36}},"5":{"start":{"line":30,"column":8},"end":{"line":30,"column":34}},"6":{"start":{"line":34,"column":19},"end":{"line":34,"column":31}},"7":{"start":{"line":35,"column":29},"end":{"line":35,"column":46}},"8":{"start":{"line":36,"column":8},"end":{"line":36,"column":49}},"9":{"start":{"line":38,"column":8},"end":{"line":41,"column":10}},"10":{"start":{"line":45,"column":8},"end":{"line":45,"column":38}},"11":{"start":{"line":49,"column":8},"end":{"line":49,"column":45}},"12":{"start":{"line":53,"column":8},"end":{"line":53,"column":47}},"13":{"start":{"line":57,"column":8},"end":{"line":82,"column":9}},"14":{"start":{"line":58,"column":25},"end":{"line":62,"column":13}},"15":{"start":{"line":67,"column":16},"end":{"line":67,"column":45}},"16":{"start":{"line":69,"column":12},"end":{"line":72,"column":15}},"17":{"start":{"line":74,"column":37},"end":{"line":74,"column":82}},"18":{"start":{"line":74,"column":68},"end":{"line":74,"column":81}},"19":{"start":{"line":76,"column":12},"end":{"line":76,"column":51}},"20":{"start":{"line":76,"column":22},"end":{"line":76,"column":51}},"21":{"start":{"line":78,"column":12},"end":{"line":78,"column":65}},"22":{"start":{"line":80,"column":12},"end":{"line":80,"column":70}},"23":{"start":{"line":81,"column":12},"end":{"line":81,"column":35}},"24":{"start":{"line":86,"column":8},"end":{"line":98,"column":11}},"25":{"start":{"line":88,"column":16},"end":{"line":94,"column":17}},"26":{"start":{"line":89,"column":20},"end":{"line":92,"column":21}},"27":{"start":{"line":90,"column":24},"end":{"line":90,"column":54}},"28":{"start":{"line":91,"column":24},"end":{"line":91,"column":33}},"29":{"start":{"line":93,"column":20},"end":{"line":93,"column":40}},"30":{"start":{"line":96,"column":16},"end":{"line":96,"column":21}},"31":{"start":{"line":102,"column":8},"end":{"line":102,"column":57}},"32":{"start":{"line":103,"column":24},"end":{"line":103,"column":102}},"33":{"start":{"line":104,"column":34},"end":{"line":104,"column":80}},"34":{"start":{"line":105,"column":29},"end":{"line":105,"column":88}},"35":{"start":{"line":106,"column":8},"end":{"line":111,"column":10}},"36":{"start":{"line":115,"column":8},"end":{"line":115,"column":40}},"37":{"start":{"line":119,"column":29},"end":{"line":119,"column":50}},"38":{"start":{"line":122,"column":8},"end":{"line":122,"column":46}},"39":{"start":{"line":124,"column":25},"end":{"line":124,"column":46}},"40":{"start":{"line":126,"column":8},"end":{"line":129,"column":10}},"41":{"start":{"line":136,"column":12},"end":{"line":136,"column":40}},"42":{"start":{"line":138,"column":8},"end":{"line":141,"column":10}}},"fnMap":{"0":{"name":"(anonymous_0)","decl":{"start":{"line":25,"column":4},"end":{"line":25,"column":5}},"loc":{"start":{"line":25,"column":18},"end":{"line":31,"column":5}},"line":25},"1":{"name":"(anonymous_1)","decl":{"start":{"line":33,"column":4},"end":{"line":33,"column":5}},"loc":{"start":{"line":33,"column":25},"end":{"line":42,"column":5}},"line":33},"2":{"name":"(anonymous_2)","decl":{"start":{"line":44,"column":4},"end":{"line":44,"column":5}},"loc":{"start":{"line":44,"column":27},"end":{"line":46,"column":5}},"line":44},"3":{"name":"(anonymous_3)","decl":{"start":{"line":48,"column":4},"end":{"line":48,"column":5}},"loc":{"start":{"line":48,"column":31},"end":{"line":50,"column":5}},"line":48},"4":{"name":"(anonymous_4)","decl":{"start":{"line":52,"column":4},"end":{"line":52,"column":5}},"loc":{"start":{"line":52,"column":29},"end":{"line":54,"column":5}},"line":52},"5":{"name":"(anonymous_5)","decl":{"start":{"line":56,"column":4},"end":{"line":56,"column":5}},"loc":{"start":{"line":56,"column":27},"end":{"line":83,"column":5}},"line":56},"6":{"name":"(anonymous_6)","decl":{"start":{"line":74,"column":58},"end":{"line":74,"column":59}},"loc":{"start":{"line":74,"column":68},"end":{"line":74,"column":81}},"line":74},"7":{"name":"(anonymous_7)","decl":{"start":{"line":85,"column":4},"end":{"line":85,"column":5}},"loc":{"start":{"line":85,"column":16},"end":{"line":99,"column":5}},"line":85},"8":{"name":"(anonymous_8)","decl":{"start":{"line":87,"column":19},"end":{"line":87,"column":20}},"loc":{"start":{"line":87,"column":39},"end":{"line":97,"column":13}},"line":87},"9":{"name":"(anonymous_9)","decl":{"start":{"line":101,"column":4},"end":{"line":101,"column":5}},"loc":{"start":{"line":101,"column":28},"end":{"line":112,"column":5}},"line":101},"10":{"name":"(anonymous_10)","decl":{"start":{"line":114,"column":4},"end":{"line":114,"column":5}},"loc":{"start":{"line":114,"column":21},"end":{"line":116,"column":5}},"line":114},"11":{"name":"(anonymous_11)","decl":{"start":{"line":118,"column":4},"end":{"line":118,"column":5}},"loc":{"start":{"line":118,"column":28},"end":{"line":130,"column":5}},"line":118},"12":{"name":"(anonymous_12)","decl":{"start":{"line":132,"column":4},"end":{"line":132,"column":5}},"loc":{"start":{"line":132,"column":30},"end":{"line":142,"column":5}},"line":132}},"branchMap":{"0":{"loc":{"start":{"line":76,"column":12},"end":{"line":76,"column":51}},"type":"if","locations":[{"start":{"line":76,"column":12},"end":{"line":76,"column":51}},{"start":{},"end":{}}],"line":76},"1":{"loc":{"start":{"line":89,"column":20},"end":{"line":92,"column":21}},"type":"if","locations":[{"start":{"line":89,"column":20},"end":{"line":92,"column":21}},{"start":{},"end":{}}],"line":89}},"s":{"0":3,"1":5,"2":5,"3":5,"4":5,"5":5,"6":0,"7":0,"8":0,"9":0,"10":0,"11":1,"12":0,"13":0,"14":0,"15":0,"16":0,"17":0,"18":0,"19":0,"20":0,"21":0,"22":0,"23":0,"24":0,"25":0,"26":0,"27":0,"28":0,"29":0,"30":0,"31":0,"32":0,"33":0,"34":0,"35":0,"36":0,"37":1,"38":1,"39":1,"40":1,"41":1,"42":1},"f":{"0":5,"1":0,"2":0,"3":1,"4":0,"5":0,"6":0,"7":0,"8":0,"9":0,"10":0,"11":1,"12":1},"b":{"0":[0,0],"1":[0,0]},"_coverageSchema":"1a1c01bbd47fc00a2c39e90264f33305004495a9","hash":"6dece171448eaa19dab99725093e88c4823222d5"}
,"/spotify-radio/tests/unit/util/testUtil.js": {"path":"/spotify-radio/tests/unit/util/testUtil.js","statementMap":{"0":{"start":{"line":7,"column":8},"end":{"line":15,"column":10}},"1":{"start":{"line":9,"column":16},"end":{"line":11,"column":17}},"2":{"start":{"line":10,"column":20},"end":{"line":10,"column":36}},"3":{"start":{"line":13,"column":16},"end":{"line":13,"column":32}},"4":{"start":{"line":19,"column":8},"end":{"line":24,"column":10}},"5":{"start":{"line":21,"column":16},"end":{"line":21,"column":30}},"6":{"start":{"line":22,"column":16},"end":{"line":22,"column":32}},"7":{"start":{"line":28,"column":30},"end":{"line":28,"column":79}},"8":{"start":{"line":29,"column":31},"end":{"line":29,"column":72}},"9":{"start":{"line":30,"column":21},"end":{"line":40,"column":9}},"10":{"start":{"line":42,"column":8},"end":{"line":45,"column":9}},"11":{"start":{"line":43,"column":26},"end":{"line":43,"column":45}}},"fnMap":{"0":{"name":"(anonymous_0)","decl":{"start":{"line":6,"column":4},"end":{"line":6,"column":5}},"loc":{"start":{"line":6,"column":40},"end":{"line":16,"column":5}},"line":6},"1":{"name":"(anonymous_1)","decl":{"start":{"line":8,"column":12},"end":{"line":8,"column":13}},"loc":{"start":{"line":8,"column":19},"end":{"line":14,"column":13}},"line":8},"2":{"name":"(anonymous_2)","decl":{"start":{"line":18,"column":4},"end":{"line":18,"column":5}},"loc":{"start":{"line":18,"column":42},"end":{"line":25,"column":5}},"line":18},"3":{"name":"(anonymous_3)","decl":{"start":{"line":20,"column":12},"end":{"line":20,"column":13}},"loc":{"start":{"line":20,"column":34},"end":{"line":23,"column":13}},"line":20},"4":{"name":"(anonymous_4)","decl":{"start":{"line":27,"column":4},"end":{"line":27,"column":5}},"loc":{"start":{"line":27,"column":33},"end":{"line":46,"column":5}},"line":27},"5":{"name":"(anonymous_5)","decl":{"start":{"line":29,"column":63},"end":{"line":29,"column":64}},"loc":{"start":{"line":29,"column":69},"end":{"line":29,"column":71}},"line":29},"6":{"name":"(anonymous_6)","decl":{"start":{"line":43,"column":20},"end":{"line":43,"column":21}},"loc":{"start":{"line":43,"column":26},"end":{"line":43,"column":45}},"line":43}},"branchMap":{},"s":{"0":12,"1":0,"2":0,"3":0,"4":8,"5":0,"6":0,"7":8,"8":8,"9":8,"10":8,"11":8},"f":{"0":12,"1":0,"2":8,"3":0,"4":8,"5":0,"6":8},"b":{},"_coverageSchema":"1a1c01bbd47fc00a2c39e90264f33305004495a9","hash":"c06b394d1af94a908bbe839f501d813658e0a31e"}
}
