{"/Users/igor/Code/js/spotify-jsexpert/server/config.js": {"path":"/Users/igor/Code/js/spotify-jsexpert/server/config.js","statementMap":{"0":{"start":{"line":4,"column":19},"end":{"line":4,"column":58}},"1":{"start":{"line":5,"column":13},"end":{"line":5,"column":36}},"2":{"start":{"line":6,"column":17},"end":{"line":6,"column":36}},"3":{"start":{"line":7,"column":18},"end":{"line":7,"column":38}}},"fnMap":{},"branchMap":{"0":{"loc":{"start":{"line":10,"column":10},"end":{"line":10,"column":34}},"type":"binary-expr","locations":[{"start":{"line":10,"column":10},"end":{"line":10,"column":26}},{"start":{"line":10,"column":30},"end":{"line":10,"column":34}}],"line":10}},"s":{"0":3,"1":3,"2":3,"3":3},"f":{},"b":{"0":[3,3]},"_coverageSchema":"1a1c01bbd47fc00a2c39e90264f33305004495a9","hash":"a14ea0dcadc0bb8b0f4f4449bb771e5aedb0f241"}
,"/Users/igor/Code/js/spotify-jsexpert/server/util.js": {"path":"/Users/igor/Code/js/spotify-jsexpert/server/util.js","statementMap":{"0":{"start":{"line":3,"column":12},"end":{"line":11,"column":2}},"1":{"start":{"line":13,"column":22},"end":{"line":13,"column":25}}},"fnMap":{},"branchMap":{},"s":{"0":1,"1":1},"f":{},"b":{},"_coverageSchema":"1a1c01bbd47fc00a2c39e90264f33305004495a9","hash":"cc96b483bdaae7761e842cf071af6b2b72b740f1"}
,"/Users/igor/Code/js/spotify-jsexpert/server/controller/index.js": {"path":"/Users/igor/Code/js/spotify-jsexpert/server/controller/index.js","statementMap":{"0":{"start":{"line":5,"column":8},"end":{"line":5,"column":37}},"1":{"start":{"line":9,"column":8},"end":{"line":9,"column":52}}},"fnMap":{"0":{"name":"(anonymous_0)","decl":{"start":{"line":4,"column":4},"end":{"line":4,"column":5}},"loc":{"start":{"line":4,"column":18},"end":{"line":6,"column":5}},"line":4},"1":{"name":"(anonymous_1)","decl":{"start":{"line":8,"column":4},"end":{"line":8,"column":5}},"loc":{"start":{"line":8,"column":34},"end":{"line":10,"column":5}},"line":8}},"branchMap":{},"s":{"0":2,"1":1},"f":{"0":2,"1":1},"b":{},"_coverageSchema":"1a1c01bbd47fc00a2c39e90264f33305004495a9","hash":"4768eb4dd4f2b46da20393dac1565cd20bd83095"}
,"/Users/igor/Code/js/spotify-jsexpert/server/routes/index.js": {"path":"/Users/igor/Code/js/spotify-jsexpert/server/routes/index.js","statementMap":{"0":{"start":{"line":14,"column":4},"end":{"line":14,"column":10}},"1":{"start":{"line":16,"column":19},"end":{"line":16,"column":35}},"2":{"start":{"line":19,"column":28},"end":{"line":19,"column":35}},"3":{"start":{"line":21,"column":4},"end":{"line":26,"column":5}},"4":{"start":{"line":22,"column":8},"end":{"line":24,"column":11}},"5":{"start":{"line":25,"column":8},"end":{"line":25,"column":30}},"6":{"start":{"line":27,"column":4},"end":{"line":33,"column":5}},"7":{"start":{"line":30,"column":12},"end":{"line":30,"column":52}},"8":{"start":{"line":32,"column":8},"end":{"line":32,"column":37}},"9":{"start":{"line":34,"column":4},"end":{"line":40,"column":5}},"10":{"start":{"line":37,"column":12},"end":{"line":37,"column":58}},"11":{"start":{"line":39,"column":8},"end":{"line":39,"column":37}},"12":{"start":{"line":43,"column":4},"end":{"line":58,"column":5}},"13":{"start":{"line":47,"column":12},"end":{"line":47,"column":47}},"14":{"start":{"line":49,"column":28},"end":{"line":49,"column":46}},"15":{"start":{"line":51,"column":8},"end":{"line":55,"column":9}},"16":{"start":{"line":52,"column":12},"end":{"line":54,"column":15}},"17":{"start":{"line":57,"column":8},"end":{"line":57,"column":37}},"18":{"start":{"line":60,"column":4},"end":{"line":60,"column":28}},"19":{"start":{"line":61,"column":4},"end":{"line":61,"column":23}},"20":{"start":{"line":65,"column":4},"end":{"line":69,"column":5}},"21":{"start":{"line":66,"column":8},"end":{"line":66,"column":55}},"22":{"start":{"line":67,"column":8},"end":{"line":67,"column":32}},"23":{"start":{"line":68,"column":8},"end":{"line":68,"column":30}},"24":{"start":{"line":71,"column":4},"end":{"line":71,"column":56}},"25":{"start":{"line":72,"column":4},"end":{"line":72,"column":28}},"26":{"start":{"line":73,"column":4},"end":{"line":73,"column":26}},"27":{"start":{"line":77,"column":4},"end":{"line":77,"column":82}},"28":{"start":{"line":77,"column":52},"end":{"line":77,"column":80}}},"fnMap":{"0":{"name":"routes","decl":{"start":{"line":18,"column":15},"end":{"line":18,"column":21}},"loc":{"start":{"line":18,"column":41},"end":{"line":62,"column":1}},"line":18},"1":{"name":"handleError","decl":{"start":{"line":64,"column":9},"end":{"line":64,"column":20}},"loc":{"start":{"line":64,"column":38},"end":{"line":74,"column":1}},"line":64},"2":{"name":"handler","decl":{"start":{"line":76,"column":16},"end":{"line":76,"column":23}},"loc":{"start":{"line":76,"column":43},"end":{"line":78,"column":1}},"line":76},"3":{"name":"(anonymous_3)","decl":{"start":{"line":77,"column":43},"end":{"line":77,"column":44}},"loc":{"start":{"line":77,"column":52},"end":{"line":77,"column":80}},"line":77}},"branchMap":{"0":{"loc":{"start":{"line":21,"column":4},"end":{"line":26,"column":5}},"type":"if","locations":[{"start":{"line":21,"column":4},"end":{"line":26,"column":5}},{"start":{},"end":{}}],"line":21},"1":{"loc":{"start":{"line":21,"column":7},"end":{"line":21,"column":38}},"type":"binary-expr","locations":[{"start":{"line":21,"column":7},"end":{"line":21,"column":23}},{"start":{"line":21,"column":27},"end":{"line":21,"column":38}}],"line":21},"2":{"loc":{"start":{"line":27,"column":4},"end":{"line":33,"column":5}},"type":"if","locations":[{"start":{"line":27,"column":4},"end":{"line":33,"column":5}},{"start":{},"end":{}}],"line":27},"3":{"loc":{"start":{"line":27,"column":7},"end":{"line":27,"column":42}},"type":"binary-expr","locations":[{"start":{"line":27,"column":7},"end":{"line":27,"column":23}},{"start":{"line":27,"column":27},"end":{"line":27,"column":42}}],"line":27},"4":{"loc":{"start":{"line":34,"column":4},"end":{"line":40,"column":5}},"type":"if","locations":[{"start":{"line":34,"column":4},"end":{"line":40,"column":5}},{"start":{},"end":{}}],"line":34},"5":{"loc":{"start":{"line":34,"column":7},"end":{"line":34,"column":48}},"type":"binary-expr","locations":[{"start":{"line":34,"column":7},"end":{"line":34,"column":23}},{"start":{"line":34,"column":27},"end":{"line":34,"column":48}}],"line":34},"6":{"loc":{"start":{"line":43,"column":4},"end":{"line":58,"column":5}},"type":"if","locations":[{"start":{"line":43,"column":4},"end":{"line":58,"column":5}},{"start":{},"end":{}}],"line":43},"7":{"loc":{"start":{"line":51,"column":8},"end":{"line":55,"column":9}},"type":"if","locations":[{"start":{"line":51,"column":8},"end":{"line":55,"column":9}},{"start":{},"end":{}}],"line":51},"8":{"loc":{"start":{"line":65,"column":4},"end":{"line":69,"column":5}},"type":"if","locations":[{"start":{"line":65,"column":4},"end":{"line":69,"column":5}},{"start":{},"end":{}}],"line":65}},"s":{"0":1,"1":1,"2":8,"3":8,"4":1,"5":1,"6":7,"7":1,"8":1,"9":6,"10":1,"11":1,"12":5,"13":4,"14":2,"15":2,"16":1,"17":2,"18":1,"19":1,"20":3,"21":1,"22":1,"23":1,"24":2,"25":2,"26":2,"27":8,"28":3},"f":{"0":8,"1":3,"2":8,"3":3},"b":{"0":[1,7],"1":[8,7],"2":[1,6],"3":[7,6],"4":[1,5],"5":[6,5],"6":[4,1],"7":[1,1],"8":[1,2]},"_coverageSchema":"1a1c01bbd47fc00a2c39e90264f33305004495a9","hash":"bee6b162dbf566a18d8a1d8bcb95ce03a0c63226"}
,"/Users/igor/Code/js/spotify-jsexpert/server/service/index.js": {"path":"/Users/igor/Code/js/spotify-jsexpert/server/service/index.js","statementMap":{"0":{"start":{"line":10,"column":4},"end":{"line":10,"column":10}},"1":{"start":{"line":14,"column":8},"end":{"line":14,"column":45}},"2":{"start":{"line":18,"column":29},"end":{"line":18,"column":50}},"3":{"start":{"line":21,"column":8},"end":{"line":21,"column":46}},"4":{"start":{"line":23,"column":25},"end":{"line":23,"column":46}},"5":{"start":{"line":25,"column":8},"end":{"line":28,"column":10}},"6":{"start":{"line":35,"column":12},"end":{"line":35,"column":40}},"7":{"start":{"line":37,"column":8},"end":{"line":40,"column":10}}},"fnMap":{"0":{"name":"(anonymous_0)","decl":{"start":{"line":13,"column":4},"end":{"line":13,"column":5}},"loc":{"start":{"line":13,"column":31},"end":{"line":15,"column":5}},"line":13},"1":{"name":"(anonymous_1)","decl":{"start":{"line":17,"column":4},"end":{"line":17,"column":5}},"loc":{"start":{"line":17,"column":28},"end":{"line":29,"column":5}},"line":17},"2":{"name":"(anonymous_2)","decl":{"start":{"line":31,"column":4},"end":{"line":31,"column":5}},"loc":{"start":{"line":31,"column":30},"end":{"line":41,"column":5}},"line":31}},"branchMap":{},"s":{"0":3,"1":1,"2":1,"3":1,"4":1,"5":1,"6":1,"7":1},"f":{"0":1,"1":1,"2":1},"b":{},"_coverageSchema":"1a1c01bbd47fc00a2c39e90264f33305004495a9","hash":"91e9425be5af10056a8c4d6db0d90881f1c7f2e9"}
,"/Users/igor/Code/js/spotify-jsexpert/tests/unit/util/testUtil.js": {"path":"/Users/igor/Code/js/spotify-jsexpert/tests/unit/util/testUtil.js","statementMap":{"0":{"start":{"line":7,"column":8},"end":{"line":15,"column":10}},"1":{"start":{"line":9,"column":16},"end":{"line":11,"column":17}},"2":{"start":{"line":10,"column":20},"end":{"line":10,"column":36}},"3":{"start":{"line":13,"column":16},"end":{"line":13,"column":32}},"4":{"start":{"line":19,"column":8},"end":{"line":24,"column":10}},"5":{"start":{"line":21,"column":16},"end":{"line":21,"column":30}},"6":{"start":{"line":22,"column":16},"end":{"line":22,"column":32}},"7":{"start":{"line":28,"column":30},"end":{"line":28,"column":79}},"8":{"start":{"line":29,"column":31},"end":{"line":29,"column":72}},"9":{"start":{"line":30,"column":21},"end":{"line":40,"column":9}},"10":{"start":{"line":42,"column":8},"end":{"line":45,"column":9}},"11":{"start":{"line":43,"column":26},"end":{"line":43,"column":45}}},"fnMap":{"0":{"name":"(anonymous_0)","decl":{"start":{"line":6,"column":4},"end":{"line":6,"column":5}},"loc":{"start":{"line":6,"column":40},"end":{"line":16,"column":5}},"line":6},"1":{"name":"(anonymous_1)","decl":{"start":{"line":8,"column":12},"end":{"line":8,"column":13}},"loc":{"start":{"line":8,"column":19},"end":{"line":14,"column":13}},"line":8},"2":{"name":"(anonymous_2)","decl":{"start":{"line":18,"column":4},"end":{"line":18,"column":5}},"loc":{"start":{"line":18,"column":42},"end":{"line":25,"column":5}},"line":18},"3":{"name":"(anonymous_3)","decl":{"start":{"line":20,"column":12},"end":{"line":20,"column":13}},"loc":{"start":{"line":20,"column":34},"end":{"line":23,"column":13}},"line":20},"4":{"name":"(anonymous_4)","decl":{"start":{"line":27,"column":4},"end":{"line":27,"column":5}},"loc":{"start":{"line":27,"column":33},"end":{"line":46,"column":5}},"line":27},"5":{"name":"(anonymous_5)","decl":{"start":{"line":29,"column":63},"end":{"line":29,"column":64}},"loc":{"start":{"line":29,"column":69},"end":{"line":29,"column":71}},"line":29},"6":{"name":"(anonymous_6)","decl":{"start":{"line":43,"column":20},"end":{"line":43,"column":21}},"loc":{"start":{"line":43,"column":26},"end":{"line":43,"column":45}},"line":43}},"branchMap":{},"s":{"0":12,"1":0,"2":0,"3":0,"4":8,"5":0,"6":0,"7":8,"8":8,"9":8,"10":8,"11":8},"f":{"0":12,"1":0,"2":8,"3":0,"4":8,"5":0,"6":8},"b":{},"_coverageSchema":"1a1c01bbd47fc00a2c39e90264f33305004495a9","hash":"cd0c412335f95cfc3b395e07b62abebada4b4bde"}
}
