TN:
SF:server/config.js
FNF:0
FNH:0
DA:4,3
DA:5,3
DA:6,3
DA:7,3
LF:4
LH:4
BRDA:10,0,0,3
BRDA:10,0,1,3
BRF:2
BRH:2
end_of_record
TN:
SF:server/util.js
FNF:0
FNH:0
DA:3,1
DA:13,1
LF:2
LH:2
BRF:0
BRH:0
end_of_record
TN:
SF:server/controller/index.js
FN:4,(anonymous_0)
FN:8,(anonymous_1)
FNF:2
FNH:2
FNDA:2,(anonymous_0)
FNDA:1,(anonymous_1)
DA:5,2
DA:9,1
LF:2
LH:2
BRF:0
BRH:0
end_of_record
TN:
SF:server/routes/index.js
FN:18,routes
FN:64,handleError
FN:76,handler
FN:77,(anonymous_3)
FNF:4
FNH:4
FNDA:8,routes
FNDA:3,handleError
FNDA:8,handler
FNDA:3,(anonymous_3)
DA:14,1
DA:16,1
DA:19,8
DA:21,8
DA:22,1
DA:25,1
DA:27,7
DA:30,1
DA:32,1
DA:34,6
DA:37,1
DA:39,1
DA:43,5
DA:47,4
DA:49,2
DA:51,2
DA:52,1
DA:57,2
DA:60,1
DA:61,1
DA:65,3
DA:66,1
DA:67,1
DA:68,1
DA:71,2
DA:72,2
DA:73,2
DA:77,8
LF:28
LH:28
BRDA:21,0,0,1
BRDA:21,0,1,7
BRDA:21,1,0,8
BRDA:21,1,1,7
BRDA:27,2,0,1
BRDA:27,2,1,6
BRDA:27,3,0,7
BRDA:27,3,1,6
BRDA:34,4,0,1
BRDA:34,4,1,5
BRDA:34,5,0,6
BRDA:34,5,1,5
BRDA:43,6,0,4
BRDA:43,6,1,1
BRDA:51,7,0,1
BRDA:51,7,1,1
BRDA:65,8,0,1
BRDA:65,8,1,2
BRF:18
BRH:18
end_of_record
TN:
SF:server/service/index.js
FN:13,(anonymous_0)
FN:17,(anonymous_1)
FN:31,(anonymous_2)
FNF:3
FNH:3
FNDA:1,(anonymous_0)
FNDA:1,(anonymous_1)
FNDA:1,(anonymous_2)
DA:10,3
DA:14,1
DA:18,1
DA:21,1
DA:23,1
DA:25,1
DA:35,1
DA:37,1
LF:8
LH:8
BRF:0
BRH:0
end_of_record
TN:
SF:tests/unit/util/testUtil.js
FN:6,(anonymous_0)
FN:8,(anonymous_1)
FN:18,(anonymous_2)
FN:20,(anonymous_3)
FN:27,(anonymous_4)
FN:29,(anonymous_5)
FN:43,(anonymous_6)
FNF:7
FNH:4
FNDA:12,(anonymous_0)
FNDA:0,(anonymous_1)
FNDA:8,(anonymous_2)
FNDA:0,(anonymous_3)
FNDA:8,(anonymous_4)
FNDA:0,(anonymous_5)
FNDA:8,(anonymous_6)
DA:7,12
DA:9,0
DA:10,0
DA:13,0
DA:19,8
DA:21,0
DA:22,0
DA:28,8
DA:29,8
DA:30,8
DA:42,8
DA:43,8
LF:12
LH:7
BRF:0
BRH:0
end_of_record
