TN:
SF:public/controller/js/view.js
FN:2,(anonymous_0)
FN:6,onBtnClick
FN:10,(anonymous_2)
FN:15,(anonymous_3)
FN:17,(anonymous_4)
FN:20,onClickReset
FN:26,(anonymous_6)
FN:30,(anonymous_7)
FNF:8
FNH:5
FNDA:3,(anonymous_0)
FNDA:0,onBtnClick
FNDA:1,(anonymous_2)
FNDA:2,(anonymous_3)
FNDA:2,(anonymous_4)
FNDA:2,onClickReset
FNDA:0,(anonymous_6)
FNDA:0,(anonymous_7)
DA:3,3
DA:4,3
DA:7,3
DA:11,1
DA:12,1
DA:16,2
DA:18,2
DA:19,2
DA:21,2
DA:27,0
DA:31,0
DA:32,0
LF:12
LH:9
BRDA:15,0,0,1
BRDA:18,1,0,1
BRDA:18,1,1,1
BRF:3
BRH:3
end_of_record
TN:
SF:server/config.js
FNF:0
FNH:0
DA:4,3
DA:5,3
DA:6,3
DA:7,3
DA:8,3
LF:5
LH:5
BRDA:11,0,0,3
BRDA:11,0,1,3
BRF:2
BRH:2
end_of_record
TN:
SF:server/util.js
FNF:0
FNH:0
DA:3,3
DA:13,3
LF:2
LH:2
BRF:0
BRH:0
end_of_record
TN:
SF:server/controller/index.js
FN:5,(anonymous_0)
FN:9,(anonymous_1)
FN:13,(anonymous_2)
FN:31,(anonymous_3)
FN:34,(anonymous_4)
FNF:5
FNH:2
FNDA:2,(anonymous_0)
FNDA:1,(anonymous_1)
FNDA:0,(anonymous_2)
FNDA:0,(anonymous_3)
FNDA:0,(anonymous_4)
DA:6,2
DA:10,1
DA:14,0
DA:15,0
DA:18,0
DA:20,0
DA:21,0
DA:22,0
DA:24,0
DA:25,0
DA:26,0
DA:32,0
DA:34,0
DA:35,0
DA:36,0
DA:39,0
LF:16
LH:2
BRDA:20,0,0,0
BRDA:20,0,1,0
BRDA:24,1,0,0
BRDA:24,1,1,0
BRF:4
BRH:0
end_of_record
TN:
SF:server/routes/index.js
FN:19,routes
FN:82,handleError
FN:94,handler
FN:95,(anonymous_3)
FNF:4
FNH:4
FNDA:8,routes
FNDA:2,handleError
FNDA:8,handler
FNDA:2,(anonymous_3)
DA:15,1
DA:17,1
DA:20,8
DA:22,8
DA:23,1
DA:26,1
DA:28,7
DA:31,1
DA:33,1
DA:35,6
DA:38,1
DA:40,1
DA:42,5
DA:43,0
DA:44,0
DA:46,0
DA:51,0
DA:53,5
DA:54,0
DA:55,0
DA:56,0
DA:57,0
DA:61,5
DA:65,4
DA:67,2
DA:69,2
DA:70,1
DA:75,2
DA:78,1
DA:79,1
DA:83,2
DA:84,1
DA:85,1
DA:86,1
DA:89,1
DA:90,1
DA:91,1
DA:95,8
LF:38
LH:30
BRDA:22,0,0,1
BRDA:22,0,1,7
BRDA:22,1,0,8
BRDA:22,1,1,7
BRDA:28,2,0,1
BRDA:28,2,1,6
BRDA:28,3,0,7
BRDA:28,3,1,6
BRDA:35,4,0,1
BRDA:35,4,1,5
BRDA:35,5,0,6
BRDA:35,5,1,5
BRDA:42,6,0,0
BRDA:42,6,1,5
BRDA:42,7,0,5
BRDA:42,7,1,4
BRDA:53,8,0,0
BRDA:53,8,1,5
BRDA:53,9,0,5
BRDA:53,9,1,1
BRDA:61,10,0,4
BRDA:61,10,1,1
BRDA:69,11,0,1
BRDA:69,11,1,1
BRDA:83,12,0,1
BRDA:83,12,1,1
BRF:26
BRH:24
end_of_record
TN:
SF:server/service/index.js
FN:25,(anonymous_0)
FN:33,(anonymous_1)
FN:44,(anonymous_2)
FN:48,(anonymous_3)
FN:52,(anonymous_4)
FN:56,(anonymous_5)
FN:74,(anonymous_6)
FN:85,(anonymous_7)
FN:87,(anonymous_8)
FN:101,(anonymous_9)
FN:114,(anonymous_10)
FN:118,(anonymous_11)
FN:132,(anonymous_12)
FNF:13
FNH:4
FNDA:5,(anonymous_0)
FNDA:0,(anonymous_1)
FNDA:0,(anonymous_2)
FNDA:1,(anonymous_3)
FNDA:0,(anonymous_4)
FNDA:0,(anonymous_5)
FNDA:0,(anonymous_6)
FNDA:0,(anonymous_7)
FNDA:0,(anonymous_8)
FNDA:0,(anonymous_9)
FNDA:0,(anonymous_10)
FNDA:1,(anonymous_11)
FNDA:1,(anonymous_12)
DA:22,3
DA:26,5
DA:27,5
DA:28,5
DA:29,5
DA:30,5
DA:34,0
DA:35,0
DA:36,0
DA:38,0
DA:45,0
DA:49,1
DA:53,0
DA:57,0
DA:58,0
DA:67,0
DA:69,0
DA:74,0
DA:76,0
DA:78,0
DA:80,0
DA:81,0
DA:86,0
DA:88,0
DA:89,0
DA:90,0
DA:91,0
DA:93,0
DA:96,0
DA:102,0
DA:103,0
DA:104,0
DA:105,0
DA:106,0
DA:115,0
DA:119,1
DA:122,1
DA:124,1
DA:126,1
DA:136,1
DA:138,1
LF:41
LH:13
BRDA:76,0,0,0
BRDA:76,0,1,0
BRDA:89,1,0,0
BRDA:89,1,1,0
BRF:4
BRH:0
end_of_record
TN:
SF:tests/unit/util/testUtil.js
FN:6,(anonymous_0)
FN:8,(anonymous_1)
FN:18,(anonymous_2)
FN:20,(anonymous_3)
FN:27,(anonymous_4)
FN:29,(anonymous_5)
FN:43,(anonymous_6)
FNF:7
FNH:4
FNDA:12,(anonymous_0)
FNDA:0,(anonymous_1)
FNDA:8,(anonymous_2)
FNDA:0,(anonymous_3)
FNDA:8,(anonymous_4)
FNDA:0,(anonymous_5)
FNDA:8,(anonymous_6)
DA:7,12
DA:9,0
DA:10,0
DA:13,0
DA:19,8
DA:21,0
DA:22,0
DA:28,8
DA:29,8
DA:30,8
DA:42,8
DA:43,8
LF:12
LH:7
BRF:0
BRH:0
end_of_record
